This is XeTeX, Version 3.141592653-2.6-0.999994 (MiKTeX 22.12) (preloaded format=xelatex 2023.2.24)  24 FEB 2023 16:47
entering extended mode
 restricted \write18 enabled.
 %&-line parsing enabled.
**./chapter02.tex
(chapter02.tex
LaTeX2e <2022-11-01> patch level 1
L3 programming layer <2023-02-07>
! Undefined control sequence.
l.1  \chapter
             [کوتاه ترین مسیر]{مسئله کوتاه ترین مسیر در شبکه}
The control sequence at the end of the top line
of your error message was never \def'ed. If you have
misspelled it (e.g., `\hobx'), type `I' and the correct
spelling (e.g., `I\hbox'). Otherwise just continue,
and I'll forget about whatever was undefined.


! LaTeX Error: Missing \begin{document}.

See the LaTeX manual or LaTeX Companion for explanation.
Type  H <return>  for immediate help.
 ...                                              
                                                  
l.1  \chapter[
              کوتاه ترین مسیر]{مسئله کوتاه ترین مسیر در شبکه}
You're in trouble here.  Try typing  <return>  to proceed.
If that doesn't work, type  X <return>  to quit.

Missing character: There is no [ in font nullfont!
Missing character: There is no ک in font nullfont!
Missing character: There is no و in font nullfont!
Missing character: There is no ت in font nullfont!
Missing character: There is no ا in font nullfont!
Missing character: There is no ه in font nullfont!
Missing character: There is no ت in font nullfont!
Missing character: There is no ر in font nullfont!
Missing character: There is no ی in font nullfont!
Missing character: There is no ن in font nullfont!
Missing character: There is no م in font nullfont!
Missing character: There is no س in font nullfont!
Missing character: There is no ی in font nullfont!
Missing character: There is no ر in font nullfont!
Missing character: There is no ] in font nullfont!
Missing character: There is no م in font nullfont!
Missing character: There is no س in font nullfont!
Missing character: There is no ئ in font nullfont!
Missing character: There is no ل in font nullfont!
Missing character: There is no ه in font nullfont!
Missing character: There is no ک in font nullfont!
Missing character: There is no و in font nullfont!
Missing character: There is no ت in font nullfont!
Missing character: There is no ا in font nullfont!
Missing character: There is no ه in font nullfont!
Missing character: There is no ت in font nullfont!
Missing character: There is no ر in font nullfont!
Missing character: There is no ی in font nullfont!
Missing character: There is no ن in font nullfont!
Missing character: There is no م in font nullfont!
Missing character: There is no س in font nullfont!
Missing character: There is no ی in font nullfont!
Missing character: There is no ر in font nullfont!
Missing character: There is no د in font nullfont!
Missing character: There is no ر in font nullfont!
Missing character: There is no ش in font nullfont!
Missing character: There is no ب in font nullfont!
Missing character: There is no ک in font nullfont!
Missing character: There is no ه in font nullfont!
! Undefined control sequence.
l.2  ^^I\section
                [Label set]{Label setting algorithm}
The control sequence at the end of the top line
of your error message was never \def'ed. If you have
misspelled it (e.g., `\hobx'), type `I' and the correct
spelling (e.g., `I\hbox'). Otherwise just continue,
and I'll forget about whatever was undefined.

Missing character: There is no [ in font nullfont!
Missing character: There is no L in font nullfont!
Missing character: There is no a in font nullfont!
Missing character: There is no b in font nullfont!
Missing character: There is no e in font nullfont!
Missing character: There is no l in font nullfont!
Missing character: There is no s in font nullfont!
Missing character: There is no e in font nullfont!
Missing character: There is no t in font nullfont!
Missing character: There is no ] in font nullfont!
Missing character: There is no L in font nullfont!
Missing character: There is no a in font nullfont!
Missing character: There is no b in font nullfont!
Missing character: There is no e in font nullfont!
Missing character: There is no l in font nullfont!
Missing character: There is no s in font nullfont!
Missing character: There is no e in font nullfont!
Missing character: There is no t in font nullfont!
Missing character: There is no t in font nullfont!
Missing character: There is no i in font nullfont!
Missing character: There is no n in font nullfont!
Missing character: There is no g in font nullfont!
Missing character: There is no a in font nullfont!
Missing character: There is no l in font nullfont!
Missing character: There is no g in font nullfont!
Missing character: There is no o in font nullfont!
Missing character: There is no r in font nullfont!
Missing character: There is no i in font nullfont!
Missing character: There is no t in font nullfont!
Missing character: There is no h in font nullfont!
Missing character: There is no m in font nullfont!
)
! Emergency stop.
<*> ./chapter02.tex
                   
*** (job aborted, no legal \end found)

 
Here is how much of TeX's memory you used:
 16 strings out of 411476
 314 string characters out of 5821425
 1842007 words of memory out of 5000000
 20339 multiletter control sequences out of 15000+600000
 512287 words of font info for 32 fonts, out of 8000000 for 9000
 1348 hyphenation exceptions out of 8191
 12i,0n,12p,105b,14s stack positions out of 10000i,1000n,20000p,200000b,200000s
No pages of output.
